<?xml version="1.0" encoding="UTF-8"?>
<!-- Generated by org.testng.reporters.JUnitReportReporter -->
<testsuite hostname="Nafizs-MacBook-Pro.local" failures="0" tests="1" name="e2e.TC_2" time="5.294" errors="0" timestamp="2021-02-18T23:31:41 EST" skipped="0">
  <testcase classname="e2e.TC_2" name="opengoogle" time="5.294"/>
  <system-out/>
</testsuite> <!-- e2e.TC_2 -->
