<?xml version="1.0" encoding="UTF-8"?>
<!-- Generated by org.testng.reporters.JUnitReportReporter -->
<testsuite hostname="Nafizs-MacBook-Pro.local" failures="0" tests="1" name="e2e.TC_001" time="6.709" errors="0" timestamp="2021-02-17T22:48:07 EST" skipped="0">
  <testcase classname="e2e.TC_001" name="opengoogle" time="6.709"/>
  <system-out/>
</testsuite> <!-- e2e.TC_001 -->
