<?xml version="1.0" encoding="UTF-8"?>
<!-- Generated by org.testng.reporters.JUnitReportReporter -->
<testsuite hostname="Nafizs-MacBook-Pro.local" failures="0" tests="1" name="e2e.EndtoEndprocess" time="6.208" errors="0" timestamp="2021-02-17T22:43:31 EST" skipped="0">
  <testcase classname="e2e.EndtoEndprocess" name="opengoogle" time="6.208"/>
  <system-out/>
</testsuite> <!-- e2e.EndtoEndprocess -->
